

Started GET "/" for ::1 at 2015-07-31 09:50:37 -0400

ActiveRecord::PendingMigrationError (

Migrations are pending. To resolve this issue, run:

	bin/rake db:migrate RAILS_ENV=development

):
  activerecord (4.2.3) lib/active_record/migration.rb:392:in `check_pending!'
  activerecord (4.2.3) lib/active_record/migration.rb:373:in `call'
  actionpack (4.2.3) lib/action_dispatch/middleware/callbacks.rb:29:in `block in call'
  activesupport (4.2.3) lib/active_support/callbacks.rb:84:in `run_callbacks'
  actionpack (4.2.3) lib/action_dispatch/middleware/callbacks.rb:27:in `call'
  actionpack (4.2.3) lib/action_dispatch/middleware/reloader.rb:73:in `call'
  actionpack (4.2.3) lib/action_dispatch/middleware/remote_ip.rb:78:in `call'
  actionpack (4.2.3) lib/action_dispatch/middleware/debug_exceptions.rb:17:in `call'
  web-console (2.2.1) lib/web_console/middleware.rb:39:in `call'
  actionpack (4.2.3) lib/action_dispatch/middleware/show_exceptions.rb:30:in `call'
  railties (4.2.3) lib/rails/rack/logger.rb:38:in `call_app'
  railties (4.2.3) lib/rails/rack/logger.rb:20:in `block in call'
  activesupport (4.2.3) lib/active_support/tagged_logging.rb:68:in `block in tagged'
  activesupport (4.2.3) lib/active_support/tagged_logging.rb:26:in `tagged'
  activesupport (4.2.3) lib/active_support/tagged_logging.rb:68:in `tagged'
  railties (4.2.3) lib/rails/rack/logger.rb:20:in `call'
  actionpack (4.2.3) lib/action_dispatch/middleware/request_id.rb:21:in `call'
  rack (1.6.4) lib/rack/methodoverride.rb:22:in `call'
  rack (1.6.4) lib/rack/runtime.rb:18:in `call'
  activesupport (4.2.3) lib/active_support/cache/strategy/local_cache_middleware.rb:28:in `call'
  rack (1.6.4) lib/rack/lock.rb:17:in `call'
  actionpack (4.2.3) lib/action_dispatch/middleware/static.rb:116:in `call'
  rack (1.6.4) lib/rack/sendfile.rb:113:in `call'
  railties (4.2.3) lib/rails/engine.rb:518:in `call'
  railties (4.2.3) lib/rails/application.rb:165:in `call'
  rack (1.6.4) lib/rack/lock.rb:17:in `call'
  rack (1.6.4) lib/rack/content_length.rb:15:in `call'
  rack (1.6.4) lib/rack/handler/webrick.rb:88:in `service'
  /Users/joebykowski/.rbenv/versions/2.2.2/lib/ruby/2.2.0/webrick/httpserver.rb:138:in `service'
  /Users/joebykowski/.rbenv/versions/2.2.2/lib/ruby/2.2.0/webrick/httpserver.rb:94:in `run'
  /Users/joebykowski/.rbenv/versions/2.2.2/lib/ruby/2.2.0/webrick/server.rb:294:in `block in start_thread'


  Rendered /Users/joebykowski/.rbenv/versions/2.2.2/lib/ruby/gems/2.2.0/gems/actionpack-4.2.3/lib/action_dispatch/middleware/templates/rescues/_source.erb (1.8ms)
  Rendered /Users/joebykowski/.rbenv/versions/2.2.2/lib/ruby/gems/2.2.0/gems/actionpack-4.2.3/lib/action_dispatch/middleware/templates/rescues/_trace.html.erb (1.5ms)
  Rendered /Users/joebykowski/.rbenv/versions/2.2.2/lib/ruby/gems/2.2.0/gems/actionpack-4.2.3/lib/action_dispatch/middleware/templates/rescues/_request_and_response.html.erb (1.5ms)
  Rendered /Users/joebykowski/.rbenv/versions/2.2.2/lib/ruby/gems/2.2.0/gems/actionpack-4.2.3/lib/action_dispatch/middleware/templates/rescues/diagnostics.html.erb within rescues/layout (62.7ms)
  Rendered /Users/joebykowski/.rbenv/versions/2.2.2/lib/ruby/gems/2.2.0/gems/web-console-2.2.1/lib/web_console/templates/_markup.html.erb (0.8ms)
  Rendered /Users/joebykowski/.rbenv/versions/2.2.2/lib/ruby/gems/2.2.0/gems/web-console-2.2.1/lib/web_console/templates/_inner_console_markup.html.erb within layouts/inlined_string (0.6ms)
  Rendered /Users/joebykowski/.rbenv/versions/2.2.2/lib/ruby/gems/2.2.0/gems/web-console-2.2.1/lib/web_console/templates/_prompt_box_markup.html.erb within layouts/inlined_string (0.4ms)
  Rendered /Users/joebykowski/.rbenv/versions/2.2.2/lib/ruby/gems/2.2.0/gems/web-console-2.2.1/lib/web_console/templates/style.css.erb within layouts/inlined_string (0.4ms)
  Rendered /Users/joebykowski/.rbenv/versions/2.2.2/lib/ruby/gems/2.2.0/gems/web-console-2.2.1/lib/web_console/templates/console.js.erb within layouts/javascript (65.9ms)
  Rendered /Users/joebykowski/.rbenv/versions/2.2.2/lib/ruby/gems/2.2.0/gems/web-console-2.2.1/lib/web_console/templates/main.js.erb within layouts/javascript (0.4ms)
  Rendered /Users/joebykowski/.rbenv/versions/2.2.2/lib/ruby/gems/2.2.0/gems/web-console-2.2.1/lib/web_console/templates/error_page.js.erb within layouts/javascript (0.5ms)
  Rendered /Users/joebykowski/.rbenv/versions/2.2.2/lib/ruby/gems/2.2.0/gems/web-console-2.2.1/lib/web_console/templates/index.html.erb (143.0ms)


Started GET "/" for ::1 at 2015-07-31 09:50:37 -0400

ActiveRecord::PendingMigrationError (

Migrations are pending. To resolve this issue, run:

	bin/rake db:migrate RAILS_ENV=development

):
  activerecord (4.2.3) lib/active_record/migration.rb:392:in `check_pending!'
  activerecord (4.2.3) lib/active_record/migration.rb:373:in `call'
  actionpack (4.2.3) lib/action_dispatch/middleware/callbacks.rb:29:in `block in call'
  activesupport (4.2.3) lib/active_support/callbacks.rb:84:in `run_callbacks'
  actionpack (4.2.3) lib/action_dispatch/middleware/callbacks.rb:27:in `call'
  actionpack (4.2.3) lib/action_dispatch/middleware/reloader.rb:73:in `call'
  actionpack (4.2.3) lib/action_dispatch/middleware/remote_ip.rb:78:in `call'
  actionpack (4.2.3) lib/action_dispatch/middleware/debug_exceptions.rb:17:in `call'
  web-console (2.2.1) lib/web_console/middleware.rb:39:in `call'
  actionpack (4.2.3) lib/action_dispatch/middleware/show_exceptions.rb:30:in `call'
  railties (4.2.3) lib/rails/rack/logger.rb:38:in `call_app'
  railties (4.2.3) lib/rails/rack/logger.rb:20:in `block in call'
  activesupport (4.2.3) lib/active_support/tagged_logging.rb:68:in `block in tagged'
  activesupport (4.2.3) lib/active_support/tagged_logging.rb:26:in `tagged'
  activesupport (4.2.3) lib/active_support/tagged_logging.rb:68:in `tagged'
  railties (4.2.3) lib/rails/rack/logger.rb:20:in `call'
  actionpack (4.2.3) lib/action_dispatch/middleware/request_id.rb:21:in `call'
  rack (1.6.4) lib/rack/methodoverride.rb:22:in `call'
  rack (1.6.4) lib/rack/runtime.rb:18:in `call'
  activesupport (4.2.3) lib/active_support/cache/strategy/local_cache_middleware.rb:28:in `call'
  rack (1.6.4) lib/rack/lock.rb:17:in `call'
  actionpack (4.2.3) lib/action_dispatch/middleware/static.rb:116:in `call'
  rack (1.6.4) lib/rack/sendfile.rb:113:in `call'
  railties (4.2.3) lib/rails/engine.rb:518:in `call'
  railties (4.2.3) lib/rails/application.rb:165:in `call'
  rack (1.6.4) lib/rack/lock.rb:17:in `call'
  rack (1.6.4) lib/rack/content_length.rb:15:in `call'
  rack (1.6.4) lib/rack/handler/webrick.rb:88:in `service'
  /Users/joebykowski/.rbenv/versions/2.2.2/lib/ruby/2.2.0/webrick/httpserver.rb:138:in `service'
  /Users/joebykowski/.rbenv/versions/2.2.2/lib/ruby/2.2.0/webrick/httpserver.rb:94:in `run'
  /Users/joebykowski/.rbenv/versions/2.2.2/lib/ruby/2.2.0/webrick/server.rb:294:in `block in start_thread'


  Rendered /Users/joebykowski/.rbenv/versions/2.2.2/lib/ruby/gems/2.2.0/gems/actionpack-4.2.3/lib/action_dispatch/middleware/templates/rescues/_source.erb (2.1ms)
  Rendered /Users/joebykowski/.rbenv/versions/2.2.2/lib/ruby/gems/2.2.0/gems/actionpack-4.2.3/lib/action_dispatch/middleware/templates/rescues/_trace.html.erb (1.2ms)
  Rendered /Users/joebykowski/.rbenv/versions/2.2.2/lib/ruby/gems/2.2.0/gems/actionpack-4.2.3/lib/action_dispatch/middleware/templates/rescues/_request_and_response.html.erb (0.9ms)
  Rendered /Users/joebykowski/.rbenv/versions/2.2.2/lib/ruby/gems/2.2.0/gems/actionpack-4.2.3/lib/action_dispatch/middleware/templates/rescues/diagnostics.html.erb within rescues/layout (56.8ms)
  Rendered /Users/joebykowski/.rbenv/versions/2.2.2/lib/ruby/gems/2.2.0/gems/web-console-2.2.1/lib/web_console/templates/_markup.html.erb (0.4ms)
  Rendered /Users/joebykowski/.rbenv/versions/2.2.2/lib/ruby/gems/2.2.0/gems/web-console-2.2.1/lib/web_console/templates/_inner_console_markup.html.erb within layouts/inlined_string (0.3ms)
  Rendered /Users/joebykowski/.rbenv/versions/2.2.2/lib/ruby/gems/2.2.0/gems/web-console-2.2.1/lib/web_console/templates/_prompt_box_markup.html.erb within layouts/inlined_string (0.3ms)
  Rendered /Users/joebykowski/.rbenv/versions/2.2.2/lib/ruby/gems/2.2.0/gems/web-console-2.2.1/lib/web_console/templates/style.css.erb within layouts/inlined_string (0.3ms)
  Rendered /Users/joebykowski/.rbenv/versions/2.2.2/lib/ruby/gems/2.2.0/gems/web-console-2.2.1/lib/web_console/templates/console.js.erb within layouts/javascript (51.1ms)
  Rendered /Users/joebykowski/.rbenv/versions/2.2.2/lib/ruby/gems/2.2.0/gems/web-console-2.2.1/lib/web_console/templates/main.js.erb within layouts/javascript (0.4ms)
  Rendered /Users/joebykowski/.rbenv/versions/2.2.2/lib/ruby/gems/2.2.0/gems/web-console-2.2.1/lib/web_console/templates/error_page.js.erb within layouts/javascript (0.6ms)
  Rendered /Users/joebykowski/.rbenv/versions/2.2.2/lib/ruby/gems/2.2.0/gems/web-console-2.2.1/lib/web_console/templates/index.html.erb (115.8ms)
  [1m[36m (0.9ms)[0m  [1mCREATE TABLE "schema_migrations" ("version" varchar NOT NULL) [0m
  [1m[35m (0.3ms)[0m  select sqlite_version(*)
  [1m[36m (0.9ms)[0m  [1mCREATE UNIQUE INDEX "unique_schema_migrations" ON "schema_migrations" ("version")[0m
  [1m[35mActiveRecord::SchemaMigration Load (0.1ms)[0m  SELECT "schema_migrations".* FROM "schema_migrations"
Migrating to CreateLinks (20150730183954)
  [1m[36m (0.1ms)[0m  [1mbegin transaction[0m
  [1m[35m (0.4ms)[0m  CREATE TABLE "links" ("id" INTEGER PRIMARY KEY AUTOINCREMENT NOT NULL, "summary" varchar, "url" varchar, "votes" integer, "created_at" datetime NOT NULL, "updated_at" datetime NOT NULL) 
  [1m[36mSQL (0.1ms)[0m  [1mINSERT INTO "schema_migrations" ("version") VALUES (?)[0m  [["version", "20150730183954"]]
  [1m[35m (0.7ms)[0m  commit transaction
  [1m[36mActiveRecord::SchemaMigration Load (0.1ms)[0m  [1mSELECT "schema_migrations".* FROM "schema_migrations"[0m


Started GET "/" for ::1 at 2015-07-31 09:51:16 -0400
  [1m[36mActiveRecord::SchemaMigration Load (0.1ms)[0m  [1mSELECT "schema_migrations".* FROM "schema_migrations"[0m
Processing by Rails::WelcomeController#index as HTML
  Rendered /Users/joebykowski/.rbenv/versions/2.2.2/lib/ruby/gems/2.2.0/gems/railties-4.2.3/lib/rails/templates/rails/welcome/index.html.erb (0.6ms)
Completed 200 OK in 12ms (Views: 3.0ms | ActiveRecord: 0.0ms)


Started GET "/new" for ::1 at 2015-07-31 09:51:57 -0400

ActionController::RoutingError (No route matches [GET] "/new"):
  actionpack (4.2.3) lib/action_dispatch/middleware/debug_exceptions.rb:21:in `call'
  web-console (2.2.1) lib/web_console/middleware.rb:39:in `call'
  actionpack (4.2.3) lib/action_dispatch/middleware/show_exceptions.rb:30:in `call'
  railties (4.2.3) lib/rails/rack/logger.rb:38:in `call_app'
  railties (4.2.3) lib/rails/rack/logger.rb:20:in `block in call'
  activesupport (4.2.3) lib/active_support/tagged_logging.rb:68:in `block in tagged'
  activesupport (4.2.3) lib/active_support/tagged_logging.rb:26:in `tagged'
  activesupport (4.2.3) lib/active_support/tagged_logging.rb:68:in `tagged'
  railties (4.2.3) lib/rails/rack/logger.rb:20:in `call'
  actionpack (4.2.3) lib/action_dispatch/middleware/request_id.rb:21:in `call'
  rack (1.6.4) lib/rack/methodoverride.rb:22:in `call'
  rack (1.6.4) lib/rack/runtime.rb:18:in `call'
  activesupport (4.2.3) lib/active_support/cache/strategy/local_cache_middleware.rb:28:in `call'
  rack (1.6.4) lib/rack/lock.rb:17:in `call'
  actionpack (4.2.3) lib/action_dispatch/middleware/static.rb:116:in `call'
  rack (1.6.4) lib/rack/sendfile.rb:113:in `call'
  railties (4.2.3) lib/rails/engine.rb:518:in `call'
  railties (4.2.3) lib/rails/application.rb:165:in `call'
  rack (1.6.4) lib/rack/lock.rb:17:in `call'
  rack (1.6.4) lib/rack/content_length.rb:15:in `call'
  rack (1.6.4) lib/rack/handler/webrick.rb:88:in `service'
  /Users/joebykowski/.rbenv/versions/2.2.2/lib/ruby/2.2.0/webrick/httpserver.rb:138:in `service'
  /Users/joebykowski/.rbenv/versions/2.2.2/lib/ruby/2.2.0/webrick/httpserver.rb:94:in `run'
  /Users/joebykowski/.rbenv/versions/2.2.2/lib/ruby/2.2.0/webrick/server.rb:294:in `block in start_thread'


  Rendered /Users/joebykowski/.rbenv/versions/2.2.2/lib/ruby/gems/2.2.0/gems/actionpack-4.2.3/lib/action_dispatch/middleware/templates/rescues/_trace.html.erb (1.1ms)
  Rendered /Users/joebykowski/.rbenv/versions/2.2.2/lib/ruby/gems/2.2.0/gems/actionpack-4.2.3/lib/action_dispatch/middleware/templates/routes/_route.html.erb (0.8ms)
  Rendered /Users/joebykowski/.rbenv/versions/2.2.2/lib/ruby/gems/2.2.0/gems/actionpack-4.2.3/lib/action_dispatch/middleware/templates/routes/_table.html.erb (8.4ms)
  Rendered /Users/joebykowski/.rbenv/versions/2.2.2/lib/ruby/gems/2.2.0/gems/actionpack-4.2.3/lib/action_dispatch/middleware/templates/rescues/_request_and_response.html.erb (1.0ms)
  Rendered /Users/joebykowski/.rbenv/versions/2.2.2/lib/ruby/gems/2.2.0/gems/actionpack-4.2.3/lib/action_dispatch/middleware/templates/rescues/routing_error.html.erb within rescues/layout (85.8ms)
  Rendered /Users/joebykowski/.rbenv/versions/2.2.2/lib/ruby/gems/2.2.0/gems/web-console-2.2.1/lib/web_console/templates/_markup.html.erb (0.4ms)
  Rendered /Users/joebykowski/.rbenv/versions/2.2.2/lib/ruby/gems/2.2.0/gems/web-console-2.2.1/lib/web_console/templates/_inner_console_markup.html.erb within layouts/inlined_string (0.3ms)
  Rendered /Users/joebykowski/.rbenv/versions/2.2.2/lib/ruby/gems/2.2.0/gems/web-console-2.2.1/lib/web_console/templates/_prompt_box_markup.html.erb within layouts/inlined_string (0.5ms)
  Rendered /Users/joebykowski/.rbenv/versions/2.2.2/lib/ruby/gems/2.2.0/gems/web-console-2.2.1/lib/web_console/templates/style.css.erb within layouts/inlined_string (0.3ms)
  Rendered /Users/joebykowski/.rbenv/versions/2.2.2/lib/ruby/gems/2.2.0/gems/web-console-2.2.1/lib/web_console/templates/console.js.erb within layouts/javascript (55.0ms)
  Rendered /Users/joebykowski/.rbenv/versions/2.2.2/lib/ruby/gems/2.2.0/gems/web-console-2.2.1/lib/web_console/templates/main.js.erb within layouts/javascript (0.3ms)
  Rendered /Users/joebykowski/.rbenv/versions/2.2.2/lib/ruby/gems/2.2.0/gems/web-console-2.2.1/lib/web_console/templates/error_page.js.erb within layouts/javascript (0.4ms)
  Rendered /Users/joebykowski/.rbenv/versions/2.2.2/lib/ruby/gems/2.2.0/gems/web-console-2.2.1/lib/web_console/templates/index.html.erb (115.9ms)


Started GET "/" for ::1 at 2015-07-31 09:54:45 -0400

ActionController::RoutingError (uninitialized constant WelcomeController):
  activesupport (4.2.3) lib/active_support/inflector/methods.rb:261:in `const_get'
  activesupport (4.2.3) lib/active_support/inflector/methods.rb:261:in `block in constantize'
  activesupport (4.2.3) lib/active_support/inflector/methods.rb:259:in `each'
  activesupport (4.2.3) lib/active_support/inflector/methods.rb:259:in `inject'
  activesupport (4.2.3) lib/active_support/inflector/methods.rb:259:in `constantize'
  actionpack (4.2.3) lib/action_dispatch/routing/route_set.rb:72:in `controller_reference'
  actionpack (4.2.3) lib/action_dispatch/routing/route_set.rb:62:in `controller'
  actionpack (4.2.3) lib/action_dispatch/routing/route_set.rb:41:in `serve'
  actionpack (4.2.3) lib/action_dispatch/journey/router.rb:43:in `block in serve'
  actionpack (4.2.3) lib/action_dispatch/journey/router.rb:30:in `each'
  actionpack (4.2.3) lib/action_dispatch/journey/router.rb:30:in `serve'
  actionpack (4.2.3) lib/action_dispatch/routing/route_set.rb:821:in `call'
  rack (1.6.4) lib/rack/etag.rb:24:in `call'
  rack (1.6.4) lib/rack/conditionalget.rb:25:in `call'
  rack (1.6.4) lib/rack/head.rb:13:in `call'
  actionpack (4.2.3) lib/action_dispatch/middleware/params_parser.rb:27:in `call'
  actionpack (4.2.3) lib/action_dispatch/middleware/flash.rb:260:in `call'
  rack (1.6.4) lib/rack/session/abstract/id.rb:225:in `context'
  rack (1.6.4) lib/rack/session/abstract/id.rb:220:in `call'
  actionpack (4.2.3) lib/action_dispatch/middleware/cookies.rb:560:in `call'
  activerecord (4.2.3) lib/active_record/query_cache.rb:36:in `call'
  activerecord (4.2.3) lib/active_record/connection_adapters/abstract/connection_pool.rb:653:in `call'
  activerecord (4.2.3) lib/active_record/migration.rb:377:in `call'
  actionpack (4.2.3) lib/action_dispatch/middleware/callbacks.rb:29:in `block in call'
  activesupport (4.2.3) lib/active_support/callbacks.rb:84:in `run_callbacks'
  actionpack (4.2.3) lib/action_dispatch/middleware/callbacks.rb:27:in `call'
  actionpack (4.2.3) lib/action_dispatch/middleware/reloader.rb:73:in `call'
  actionpack (4.2.3) lib/action_dispatch/middleware/remote_ip.rb:78:in `call'
  actionpack (4.2.3) lib/action_dispatch/middleware/debug_exceptions.rb:17:in `call'
  web-console (2.2.1) lib/web_console/middleware.rb:39:in `call'
  actionpack (4.2.3) lib/action_dispatch/middleware/show_exceptions.rb:30:in `call'
  railties (4.2.3) lib/rails/rack/logger.rb:38:in `call_app'
  railties (4.2.3) lib/rails/rack/logger.rb:20:in `block in call'
  activesupport (4.2.3) lib/active_support/tagged_logging.rb:68:in `block in tagged'
  activesupport (4.2.3) lib/active_support/tagged_logging.rb:26:in `tagged'
  activesupport (4.2.3) lib/active_support/tagged_logging.rb:68:in `tagged'
  railties (4.2.3) lib/rails/rack/logger.rb:20:in `call'
  actionpack (4.2.3) lib/action_dispatch/middleware/request_id.rb:21:in `call'
  rack (1.6.4) lib/rack/methodoverride.rb:22:in `call'
  rack (1.6.4) lib/rack/runtime.rb:18:in `call'
  activesupport (4.2.3) lib/active_support/cache/strategy/local_cache_middleware.rb:28:in `call'
  rack (1.6.4) lib/rack/lock.rb:17:in `call'
  actionpack (4.2.3) lib/action_dispatch/middleware/static.rb:116:in `call'
  rack (1.6.4) lib/rack/sendfile.rb:113:in `call'
  railties (4.2.3) lib/rails/engine.rb:518:in `call'
  railties (4.2.3) lib/rails/application.rb:165:in `call'
  rack (1.6.4) lib/rack/lock.rb:17:in `call'
  rack (1.6.4) lib/rack/content_length.rb:15:in `call'
  rack (1.6.4) lib/rack/handler/webrick.rb:88:in `service'
  /Users/joebykowski/.rbenv/versions/2.2.2/lib/ruby/2.2.0/webrick/httpserver.rb:138:in `service'
  /Users/joebykowski/.rbenv/versions/2.2.2/lib/ruby/2.2.0/webrick/httpserver.rb:94:in `run'
  /Users/joebykowski/.rbenv/versions/2.2.2/lib/ruby/2.2.0/webrick/server.rb:294:in `block in start_thread'


  Rendered /Users/joebykowski/.rbenv/versions/2.2.2/lib/ruby/gems/2.2.0/gems/actionpack-4.2.3/lib/action_dispatch/middleware/templates/rescues/_trace.html.erb (1.5ms)
  Rendered /Users/joebykowski/.rbenv/versions/2.2.2/lib/ruby/gems/2.2.0/gems/actionpack-4.2.3/lib/action_dispatch/middleware/templates/routes/_route.html.erb (1.0ms)
  Rendered /Users/joebykowski/.rbenv/versions/2.2.2/lib/ruby/gems/2.2.0/gems/actionpack-4.2.3/lib/action_dispatch/middleware/templates/routes/_table.html.erb (1.2ms)
  Rendered /Users/joebykowski/.rbenv/versions/2.2.2/lib/ruby/gems/2.2.0/gems/actionpack-4.2.3/lib/action_dispatch/middleware/templates/rescues/_request_and_response.html.erb (1.7ms)
  Rendered /Users/joebykowski/.rbenv/versions/2.2.2/lib/ruby/gems/2.2.0/gems/actionpack-4.2.3/lib/action_dispatch/middleware/templates/rescues/routing_error.html.erb within rescues/layout (80.0ms)
  Rendered /Users/joebykowski/.rbenv/versions/2.2.2/lib/ruby/gems/2.2.0/gems/web-console-2.2.1/lib/web_console/templates/_markup.html.erb (0.3ms)
  Rendered /Users/joebykowski/.rbenv/versions/2.2.2/lib/ruby/gems/2.2.0/gems/web-console-2.2.1/lib/web_console/templates/_inner_console_markup.html.erb within layouts/inlined_string (0.4ms)
  Rendered /Users/joebykowski/.rbenv/versions/2.2.2/lib/ruby/gems/2.2.0/gems/web-console-2.2.1/lib/web_console/templates/_prompt_box_markup.html.erb within layouts/inlined_string (0.3ms)
  Rendered /Users/joebykowski/.rbenv/versions/2.2.2/lib/ruby/gems/2.2.0/gems/web-console-2.2.1/lib/web_console/templates/style.css.erb within layouts/inlined_string (0.3ms)
  Rendered /Users/joebykowski/.rbenv/versions/2.2.2/lib/ruby/gems/2.2.0/gems/web-console-2.2.1/lib/web_console/templates/console.js.erb within layouts/javascript (51.8ms)
  Rendered /Users/joebykowski/.rbenv/versions/2.2.2/lib/ruby/gems/2.2.0/gems/web-console-2.2.1/lib/web_console/templates/main.js.erb within layouts/javascript (0.3ms)
  Rendered /Users/joebykowski/.rbenv/versions/2.2.2/lib/ruby/gems/2.2.0/gems/web-console-2.2.1/lib/web_console/templates/error_page.js.erb within layouts/javascript (0.4ms)
  Rendered /Users/joebykowski/.rbenv/versions/2.2.2/lib/ruby/gems/2.2.0/gems/web-console-2.2.1/lib/web_console/templates/index.html.erb (113.5ms)


Started GET "/" for ::1 at 2015-07-31 09:55:00 -0400

ActionController::RoutingError (uninitialized constant ShowController):
  activesupport (4.2.3) lib/active_support/inflector/methods.rb:261:in `const_get'
  activesupport (4.2.3) lib/active_support/inflector/methods.rb:261:in `block in constantize'
  activesupport (4.2.3) lib/active_support/inflector/methods.rb:259:in `each'
  activesupport (4.2.3) lib/active_support/inflector/methods.rb:259:in `inject'
  activesupport (4.2.3) lib/active_support/inflector/methods.rb:259:in `constantize'
  actionpack (4.2.3) lib/action_dispatch/routing/route_set.rb:72:in `controller_reference'
  actionpack (4.2.3) lib/action_dispatch/routing/route_set.rb:62:in `controller'
  actionpack (4.2.3) lib/action_dispatch/routing/route_set.rb:41:in `serve'
  actionpack (4.2.3) lib/action_dispatch/journey/router.rb:43:in `block in serve'
  actionpack (4.2.3) lib/action_dispatch/journey/router.rb:30:in `each'
  actionpack (4.2.3) lib/action_dispatch/journey/router.rb:30:in `serve'
  actionpack (4.2.3) lib/action_dispatch/routing/route_set.rb:821:in `call'
  rack (1.6.4) lib/rack/etag.rb:24:in `call'
  rack (1.6.4) lib/rack/conditionalget.rb:25:in `call'
  rack (1.6.4) lib/rack/head.rb:13:in `call'
  actionpack (4.2.3) lib/action_dispatch/middleware/params_parser.rb:27:in `call'
  actionpack (4.2.3) lib/action_dispatch/middleware/flash.rb:260:in `call'
  rack (1.6.4) lib/rack/session/abstract/id.rb:225:in `context'
  rack (1.6.4) lib/rack/session/abstract/id.rb:220:in `call'
  actionpack (4.2.3) lib/action_dispatch/middleware/cookies.rb:560:in `call'
  activerecord (4.2.3) lib/active_record/query_cache.rb:36:in `call'
  activerecord (4.2.3) lib/active_record/connection_adapters/abstract/connection_pool.rb:653:in `call'
  activerecord (4.2.3) lib/active_record/migration.rb:377:in `call'
  actionpack (4.2.3) lib/action_dispatch/middleware/callbacks.rb:29:in `block in call'
  activesupport (4.2.3) lib/active_support/callbacks.rb:84:in `run_callbacks'
  actionpack (4.2.3) lib/action_dispatch/middleware/callbacks.rb:27:in `call'
  actionpack (4.2.3) lib/action_dispatch/middleware/reloader.rb:73:in `call'
  actionpack (4.2.3) lib/action_dispatch/middleware/remote_ip.rb:78:in `call'
  actionpack (4.2.3) lib/action_dispatch/middleware/debug_exceptions.rb:17:in `call'
  web-console (2.2.1) lib/web_console/middleware.rb:39:in `call'
  actionpack (4.2.3) lib/action_dispatch/middleware/show_exceptions.rb:30:in `call'
  railties (4.2.3) lib/rails/rack/logger.rb:38:in `call_app'
  railties (4.2.3) lib/rails/rack/logger.rb:20:in `block in call'
  activesupport (4.2.3) lib/active_support/tagged_logging.rb:68:in `block in tagged'
  activesupport (4.2.3) lib/active_support/tagged_logging.rb:26:in `tagged'
  activesupport (4.2.3) lib/active_support/tagged_logging.rb:68:in `tagged'
  railties (4.2.3) lib/rails/rack/logger.rb:20:in `call'
  actionpack (4.2.3) lib/action_dispatch/middleware/request_id.rb:21:in `call'
  rack (1.6.4) lib/rack/methodoverride.rb:22:in `call'
  rack (1.6.4) lib/rack/runtime.rb:18:in `call'
  activesupport (4.2.3) lib/active_support/cache/strategy/local_cache_middleware.rb:28:in `call'
  rack (1.6.4) lib/rack/lock.rb:17:in `call'
  actionpack (4.2.3) lib/action_dispatch/middleware/static.rb:116:in `call'
  rack (1.6.4) lib/rack/sendfile.rb:113:in `call'
  railties (4.2.3) lib/rails/engine.rb:518:in `call'
  railties (4.2.3) lib/rails/application.rb:165:in `call'
  rack (1.6.4) lib/rack/lock.rb:17:in `call'
  rack (1.6.4) lib/rack/content_length.rb:15:in `call'
  rack (1.6.4) lib/rack/handler/webrick.rb:88:in `service'
  /Users/joebykowski/.rbenv/versions/2.2.2/lib/ruby/2.2.0/webrick/httpserver.rb:138:in `service'
  /Users/joebykowski/.rbenv/versions/2.2.2/lib/ruby/2.2.0/webrick/httpserver.rb:94:in `run'
  /Users/joebykowski/.rbenv/versions/2.2.2/lib/ruby/2.2.0/webrick/server.rb:294:in `block in start_thread'


  Rendered /Users/joebykowski/.rbenv/versions/2.2.2/lib/ruby/gems/2.2.0/gems/actionpack-4.2.3/lib/action_dispatch/middleware/templates/rescues/_trace.html.erb (1.5ms)
  Rendered /Users/joebykowski/.rbenv/versions/2.2.2/lib/ruby/gems/2.2.0/gems/actionpack-4.2.3/lib/action_dispatch/middleware/templates/routes/_route.html.erb (1.0ms)
  Rendered /Users/joebykowski/.rbenv/versions/2.2.2/lib/ruby/gems/2.2.0/gems/actionpack-4.2.3/lib/action_dispatch/middleware/templates/routes/_table.html.erb (1.1ms)
  Rendered /Users/joebykowski/.rbenv/versions/2.2.2/lib/ruby/gems/2.2.0/gems/actionpack-4.2.3/lib/action_dispatch/middleware/templates/rescues/_request_and_response.html.erb (1.3ms)
  Rendered /Users/joebykowski/.rbenv/versions/2.2.2/lib/ruby/gems/2.2.0/gems/actionpack-4.2.3/lib/action_dispatch/middleware/templates/rescues/routing_error.html.erb within rescues/layout (81.8ms)
  Rendered /Users/joebykowski/.rbenv/versions/2.2.2/lib/ruby/gems/2.2.0/gems/web-console-2.2.1/lib/web_console/templates/_markup.html.erb (0.4ms)
  Rendered /Users/joebykowski/.rbenv/versions/2.2.2/lib/ruby/gems/2.2.0/gems/web-console-2.2.1/lib/web_console/templates/_inner_console_markup.html.erb within layouts/inlined_string (0.5ms)
  Rendered /Users/joebykowski/.rbenv/versions/2.2.2/lib/ruby/gems/2.2.0/gems/web-console-2.2.1/lib/web_console/templates/_prompt_box_markup.html.erb within layouts/inlined_string (0.4ms)
  Rendered /Users/joebykowski/.rbenv/versions/2.2.2/lib/ruby/gems/2.2.0/gems/web-console-2.2.1/lib/web_console/templates/style.css.erb within layouts/inlined_string (0.5ms)
  Rendered /Users/joebykowski/.rbenv/versions/2.2.2/lib/ruby/gems/2.2.0/gems/web-console-2.2.1/lib/web_console/templates/console.js.erb within layouts/javascript (65.5ms)
  Rendered /Users/joebykowski/.rbenv/versions/2.2.2/lib/ruby/gems/2.2.0/gems/web-console-2.2.1/lib/web_console/templates/main.js.erb within layouts/javascript (0.4ms)
  Rendered /Users/joebykowski/.rbenv/versions/2.2.2/lib/ruby/gems/2.2.0/gems/web-console-2.2.1/lib/web_console/templates/error_page.js.erb within layouts/javascript (0.4ms)
  Rendered /Users/joebykowski/.rbenv/versions/2.2.2/lib/ruby/gems/2.2.0/gems/web-console-2.2.1/lib/web_console/templates/index.html.erb (149.4ms)


Started GET "/" for ::1 at 2015-07-31 09:55:15 -0400
Processing by LinksController#index as HTML
  [1m[35mLink Load (0.5ms)[0m  SELECT "links".* FROM "links"
  Rendered links/index.html.erb within layouts/application (2.1ms)
Completed 200 OK in 1583ms (Views: 1580.1ms | ActiveRecord: 0.6ms)


Started GET "/assets/links.self-e3b0c44298fc1c149afbf4c8996fb92427ae41e4649b934ca495991b7852b855.css?body=1" for ::1 at 2015-07-31 09:55:17 -0400


Started GET "/assets/turbolinks.self-c37727e9bd6b2735da5c311aa83fead54ed0be6cc8bd9a65309e9c5abe2cbfff.js?body=1" for ::1 at 2015-07-31 09:55:17 -0400


Started GET "/assets/application.self-e80e8f2318043e8af94dddc2adad5a4f09739a8ebb323b3ab31cd71d45fd9113.css?body=1" for ::1 at 2015-07-31 09:55:17 -0400


Started GET "/assets/links.self-877aef30ae1b040ab8a3aba4e3e309a11d7f2612f44dde450b5c157aa5f95c05.js?body=1" for ::1 at 2015-07-31 09:55:17 -0400


Started GET "/assets/jquery_ujs.self-ca5248a2fad13d6bd58ea121318d642f195f0b2dd818b30615f785ff365e8d1f.js?body=1" for ::1 at 2015-07-31 09:55:17 -0400


Started GET "/assets/jquery.self-d03a5518f45df77341bdbe6201ba3bfa547ebba8ed64f0ea56bfa5f96ea7c074.js?body=1" for ::1 at 2015-07-31 09:55:17 -0400


Started GET "/assets/scaffolds.self-58bab2844ba38f3a945c5ed5294c7ce4f6092d35185af50f66b9f40d89c75ac0.css?body=1" for ::1 at 2015-07-31 09:55:17 -0400


Started GET "/assets/application.self-3b8dabdc891efe46b9a144b400ad69e37d7e5876bdc39dee783419a69d7ca819.js?body=1" for ::1 at 2015-07-31 09:55:17 -0400


Started GET "/" for ::1 at 2015-07-31 10:01:15 -0400
Processing by LinksController#index as HTML
  [1m[36mLink Load (0.1ms)[0m  [1mSELECT "links".* FROM "links"[0m
  Rendered links/index.html.erb within layouts/application (1.1ms)
Completed 200 OK in 51ms (Views: 49.0ms | ActiveRecord: 0.1ms)


Started GET "/assets/links.self-e3b0c44298fc1c149afbf4c8996fb92427ae41e4649b934ca495991b7852b855.css?body=1" for ::1 at 2015-07-31 10:01:15 -0400


Started GET "/assets/turbolinks.self-c37727e9bd6b2735da5c311aa83fead54ed0be6cc8bd9a65309e9c5abe2cbfff.js?body=1" for ::1 at 2015-07-31 10:01:15 -0400


Started GET "/assets/jquery.self-d03a5518f45df77341bdbe6201ba3bfa547ebba8ed64f0ea56bfa5f96ea7c074.js?body=1" for ::1 at 2015-07-31 10:01:15 -0400


Started GET "/assets/application.self-e80e8f2318043e8af94dddc2adad5a4f09739a8ebb323b3ab31cd71d45fd9113.css?body=1" for ::1 at 2015-07-31 10:01:15 -0400


Started GET "/assets/jquery_ujs.self-ca5248a2fad13d6bd58ea121318d642f195f0b2dd818b30615f785ff365e8d1f.js?body=1" for ::1 at 2015-07-31 10:01:15 -0400


Started GET "/assets/scaffolds.self-58bab2844ba38f3a945c5ed5294c7ce4f6092d35185af50f66b9f40d89c75ac0.css?body=1" for ::1 at 2015-07-31 10:01:15 -0400


Started GET "/assets/links.self-877aef30ae1b040ab8a3aba4e3e309a11d7f2612f44dde450b5c157aa5f95c05.js?body=1" for ::1 at 2015-07-31 10:01:15 -0400


Started GET "/assets/application.self-3b8dabdc891efe46b9a144b400ad69e37d7e5876bdc39dee783419a69d7ca819.js?body=1" for ::1 at 2015-07-31 10:01:15 -0400


Started GET "/" for ::1 at 2015-07-31 10:07:12 -0400
Processing by LinksController#index as HTML
  [1m[35mLink Load (0.2ms)[0m  SELECT "links".* FROM "links"
  Rendered links/index.html.erb within layouts/application (1.2ms)
Completed 200 OK in 186ms (Views: 184.9ms | ActiveRecord: 0.2ms)


Started GET "/assets/styles.self-3157b58be22b9dd65fd62adb3c373df1693bd24e882bfe3420760755cedb4d72.css?body=1" for ::1 at 2015-07-31 10:07:12 -0400


Started GET "/assets/links.self-e3b0c44298fc1c149afbf4c8996fb92427ae41e4649b934ca495991b7852b855.css?body=1" for ::1 at 2015-07-31 10:07:12 -0400


Started GET "/assets/jquery.self-d03a5518f45df77341bdbe6201ba3bfa547ebba8ed64f0ea56bfa5f96ea7c074.js?body=1" for ::1 at 2015-07-31 10:07:12 -0400


Started GET "/assets/jquery_ujs.self-ca5248a2fad13d6bd58ea121318d642f195f0b2dd818b30615f785ff365e8d1f.js?body=1" for ::1 at 2015-07-31 10:07:12 -0400


Started GET "/assets/application.self-e80e8f2318043e8af94dddc2adad5a4f09739a8ebb323b3ab31cd71d45fd9113.css?body=1" for ::1 at 2015-07-31 10:07:12 -0400


Started GET "/assets/scaffolds.self-58bab2844ba38f3a945c5ed5294c7ce4f6092d35185af50f66b9f40d89c75ac0.css?body=1" for ::1 at 2015-07-31 10:07:12 -0400


Started GET "/assets/turbolinks.self-c37727e9bd6b2735da5c311aa83fead54ed0be6cc8bd9a65309e9c5abe2cbfff.js?body=1" for ::1 at 2015-07-31 10:07:12 -0400


Started GET "/assets/links.self-877aef30ae1b040ab8a3aba4e3e309a11d7f2612f44dde450b5c157aa5f95c05.js?body=1" for ::1 at 2015-07-31 10:07:12 -0400


Started GET "/assets/application.self-3b8dabdc891efe46b9a144b400ad69e37d7e5876bdc39dee783419a69d7ca819.js?body=1" for ::1 at 2015-07-31 10:07:12 -0400


Started GET "/" for ::1 at 2015-07-31 10:07:24 -0400
Processing by LinksController#index as HTML
  [1m[36mLink Load (0.2ms)[0m  [1mSELECT "links".* FROM "links"[0m
  Rendered links/index.html.erb within layouts/application (1.4ms)
Completed 200 OK in 41ms (Views: 40.5ms | ActiveRecord: 0.2ms)


Started GET "/assets/links.self-e3b0c44298fc1c149afbf4c8996fb92427ae41e4649b934ca495991b7852b855.css?body=1" for ::1 at 2015-07-31 10:07:25 -0400


Started GET "/assets/scaffolds.self-58bab2844ba38f3a945c5ed5294c7ce4f6092d35185af50f66b9f40d89c75ac0.css?body=1" for ::1 at 2015-07-31 10:07:25 -0400


Started GET "/assets/application.self-e80e8f2318043e8af94dddc2adad5a4f09739a8ebb323b3ab31cd71d45fd9113.css?body=1" for ::1 at 2015-07-31 10:07:25 -0400


Started GET "/assets/jquery_ujs.self-ca5248a2fad13d6bd58ea121318d642f195f0b2dd818b30615f785ff365e8d1f.js?body=1" for ::1 at 2015-07-31 10:07:25 -0400


Started GET "/assets/jquery.self-d03a5518f45df77341bdbe6201ba3bfa547ebba8ed64f0ea56bfa5f96ea7c074.js?body=1" for ::1 at 2015-07-31 10:07:25 -0400


Started GET "/assets/styles.self-3157b58be22b9dd65fd62adb3c373df1693bd24e882bfe3420760755cedb4d72.css?body=1" for ::1 at 2015-07-31 10:07:25 -0400


Started GET "/assets/turbolinks.self-c37727e9bd6b2735da5c311aa83fead54ed0be6cc8bd9a65309e9c5abe2cbfff.js?body=1" for ::1 at 2015-07-31 10:07:25 -0400


Started GET "/assets/links.self-877aef30ae1b040ab8a3aba4e3e309a11d7f2612f44dde450b5c157aa5f95c05.js?body=1" for ::1 at 2015-07-31 10:07:25 -0400


Started GET "/assets/application.self-3b8dabdc891efe46b9a144b400ad69e37d7e5876bdc39dee783419a69d7ca819.js?body=1" for ::1 at 2015-07-31 10:07:25 -0400


Started GET "/" for ::1 at 2015-07-31 10:08:23 -0400
Processing by LinksController#index as HTML
  [1m[35mLink Load (0.1ms)[0m  SELECT "links".* FROM "links"
  Rendered links/index.html.erb within layouts/application (0.7ms)
Completed 200 OK in 56ms (Views: 54.9ms | ActiveRecord: 0.1ms)


Started GET "/assets/styles.self-1080b24b641675c03fb206f5992e1d09a58ca17ec44f6cdc34d693ecca868071.css?body=1" for ::1 at 2015-07-31 10:08:23 -0400


Started GET "/assets/links.self-e3b0c44298fc1c149afbf4c8996fb92427ae41e4649b934ca495991b7852b855.css?body=1" for ::1 at 2015-07-31 10:08:23 -0400


Started GET "/assets/jquery.self-d03a5518f45df77341bdbe6201ba3bfa547ebba8ed64f0ea56bfa5f96ea7c074.js?body=1" for ::1 at 2015-07-31 10:08:23 -0400


Started GET "/assets/jquery_ujs.self-ca5248a2fad13d6bd58ea121318d642f195f0b2dd818b30615f785ff365e8d1f.js?body=1" for ::1 at 2015-07-31 10:08:23 -0400


Started GET "/assets/application.self-e80e8f2318043e8af94dddc2adad5a4f09739a8ebb323b3ab31cd71d45fd9113.css?body=1" for ::1 at 2015-07-31 10:08:23 -0400


Started GET "/assets/scaffolds.self-58bab2844ba38f3a945c5ed5294c7ce4f6092d35185af50f66b9f40d89c75ac0.css?body=1" for ::1 at 2015-07-31 10:08:23 -0400


Started GET "/assets/turbolinks.self-c37727e9bd6b2735da5c311aa83fead54ed0be6cc8bd9a65309e9c5abe2cbfff.js?body=1" for ::1 at 2015-07-31 10:08:23 -0400


Started GET "/assets/links.self-877aef30ae1b040ab8a3aba4e3e309a11d7f2612f44dde450b5c157aa5f95c05.js?body=1" for ::1 at 2015-07-31 10:08:23 -0400


Started GET "/assets/application.self-3b8dabdc891efe46b9a144b400ad69e37d7e5876bdc39dee783419a69d7ca819.js?body=1" for ::1 at 2015-07-31 10:08:23 -0400


Started GET "/" for ::1 at 2015-07-31 10:09:17 -0400
Processing by LinksController#index as HTML
  [1m[36mLink Load (0.3ms)[0m  [1mSELECT "links".* FROM "links"[0m
  Rendered links/index.html.erb within layouts/application (1.4ms)
Completed 200 OK in 63ms (Views: 62.5ms | ActiveRecord: 0.3ms)


Started GET "/assets/styles.self-2988ff97a6fb1f7c008ab6e1738597d423db42e1db0221700c538842f72acd74.css?body=1" for ::1 at 2015-07-31 10:09:17 -0400


Started GET "/assets/links.self-e3b0c44298fc1c149afbf4c8996fb92427ae41e4649b934ca495991b7852b855.css?body=1" for ::1 at 2015-07-31 10:09:17 -0400


Started GET "/assets/jquery.self-d03a5518f45df77341bdbe6201ba3bfa547ebba8ed64f0ea56bfa5f96ea7c074.js?body=1" for ::1 at 2015-07-31 10:09:17 -0400


Started GET "/assets/application.self-e80e8f2318043e8af94dddc2adad5a4f09739a8ebb323b3ab31cd71d45fd9113.css?body=1" for ::1 at 2015-07-31 10:09:17 -0400


Started GET "/assets/jquery_ujs.self-ca5248a2fad13d6bd58ea121318d642f195f0b2dd818b30615f785ff365e8d1f.js?body=1" for ::1 at 2015-07-31 10:09:17 -0400


Started GET "/assets/scaffolds.self-58bab2844ba38f3a945c5ed5294c7ce4f6092d35185af50f66b9f40d89c75ac0.css?body=1" for ::1 at 2015-07-31 10:09:17 -0400


Started GET "/assets/turbolinks.self-c37727e9bd6b2735da5c311aa83fead54ed0be6cc8bd9a65309e9c5abe2cbfff.js?body=1" for ::1 at 2015-07-31 10:09:17 -0400


Started GET "/assets/application.self-3b8dabdc891efe46b9a144b400ad69e37d7e5876bdc39dee783419a69d7ca819.js?body=1" for ::1 at 2015-07-31 10:09:17 -0400


Started GET "/assets/links.self-877aef30ae1b040ab8a3aba4e3e309a11d7f2612f44dde450b5c157aa5f95c05.js?body=1" for ::1 at 2015-07-31 10:09:18 -0400


Started GET "/" for ::1 at 2015-07-31 10:10:23 -0400
Processing by LinksController#index as HTML
  [1m[35mLink Load (0.1ms)[0m  SELECT "links".* FROM "links"
  Rendered links/index.html.erb within layouts/application (0.7ms)
Completed 200 OK in 65ms (Views: 64.3ms | ActiveRecord: 0.1ms)


Started GET "/assets/links.self-e3b0c44298fc1c149afbf4c8996fb92427ae41e4649b934ca495991b7852b855.css?body=1" for ::1 at 2015-07-31 10:10:23 -0400


Started GET "/assets/styles.self-316f4d6b9898d5026dc96c5641ab7c752717c9e6a79460de0b3e186dd2dc31ff.css?body=1" for ::1 at 2015-07-31 10:10:23 -0400


Started GET "/assets/scaffolds.self-58bab2844ba38f3a945c5ed5294c7ce4f6092d35185af50f66b9f40d89c75ac0.css?body=1" for ::1 at 2015-07-31 10:10:23 -0400


Started GET "/assets/jquery.self-d03a5518f45df77341bdbe6201ba3bfa547ebba8ed64f0ea56bfa5f96ea7c074.js?body=1" for ::1 at 2015-07-31 10:10:23 -0400


Started GET "/assets/jquery_ujs.self-ca5248a2fad13d6bd58ea121318d642f195f0b2dd818b30615f785ff365e8d1f.js?body=1" for ::1 at 2015-07-31 10:10:23 -0400


Started GET "/assets/application.self-e80e8f2318043e8af94dddc2adad5a4f09739a8ebb323b3ab31cd71d45fd9113.css?body=1" for ::1 at 2015-07-31 10:10:23 -0400


Started GET "/assets/turbolinks.self-c37727e9bd6b2735da5c311aa83fead54ed0be6cc8bd9a65309e9c5abe2cbfff.js?body=1" for ::1 at 2015-07-31 10:10:23 -0400


Started GET "/assets/links.self-877aef30ae1b040ab8a3aba4e3e309a11d7f2612f44dde450b5c157aa5f95c05.js?body=1" for ::1 at 2015-07-31 10:10:23 -0400


Started GET "/assets/application.self-3b8dabdc891efe46b9a144b400ad69e37d7e5876bdc39dee783419a69d7ca819.js?body=1" for ::1 at 2015-07-31 10:10:23 -0400


Started GET "/" for ::1 at 2015-07-31 10:10:56 -0400
Processing by LinksController#index as HTML
  [1m[36mLink Load (0.1ms)[0m  [1mSELECT "links".* FROM "links"[0m
  Rendered links/index.html.erb within layouts/application (1.1ms)
Completed 200 OK in 64ms (Views: 63.6ms | ActiveRecord: 0.1ms)


Started GET "/assets/links.self-e3b0c44298fc1c149afbf4c8996fb92427ae41e4649b934ca495991b7852b855.css?body=1" for ::1 at 2015-07-31 10:10:56 -0400


Started GET "/assets/jquery.self-d03a5518f45df77341bdbe6201ba3bfa547ebba8ed64f0ea56bfa5f96ea7c074.js?body=1" for ::1 at 2015-07-31 10:10:56 -0400


Started GET "/assets/application.self-e80e8f2318043e8af94dddc2adad5a4f09739a8ebb323b3ab31cd71d45fd9113.css?body=1" for ::1 at 2015-07-31 10:10:56 -0400


Started GET "/assets/styles.self-35ea1f144ab8afe3b3f21d94d16568492ff8a6fde4af8835f9f6187bf98ca6e1.css?body=1" for ::1 at 2015-07-31 10:10:56 -0400


Started GET "/assets/jquery_ujs.self-ca5248a2fad13d6bd58ea121318d642f195f0b2dd818b30615f785ff365e8d1f.js?body=1" for ::1 at 2015-07-31 10:10:56 -0400


Started GET "/assets/scaffolds.self-58bab2844ba38f3a945c5ed5294c7ce4f6092d35185af50f66b9f40d89c75ac0.css?body=1" for ::1 at 2015-07-31 10:10:56 -0400


Started GET "/assets/turbolinks.self-c37727e9bd6b2735da5c311aa83fead54ed0be6cc8bd9a65309e9c5abe2cbfff.js?body=1" for ::1 at 2015-07-31 10:10:56 -0400


Started GET "/assets/links.self-877aef30ae1b040ab8a3aba4e3e309a11d7f2612f44dde450b5c157aa5f95c05.js?body=1" for ::1 at 2015-07-31 10:10:56 -0400


Started GET "/assets/application.self-3b8dabdc891efe46b9a144b400ad69e37d7e5876bdc39dee783419a69d7ca819.js?body=1" for ::1 at 2015-07-31 10:10:56 -0400


Started GET "/" for ::1 at 2015-07-31 10:11:10 -0400
Processing by LinksController#index as HTML
  [1m[35mLink Load (0.1ms)[0m  SELECT "links".* FROM "links"
  Rendered links/index.html.erb within layouts/application (0.8ms)
Completed 200 OK in 56ms (Views: 55.4ms | ActiveRecord: 0.1ms)


Started GET "/assets/styles.self-67aa6f378f885d5c3c71e1b05c944d17cade7900d9f17d2120b4e9b16ade85ef.css?body=1" for ::1 at 2015-07-31 10:11:10 -0400


Started GET "/assets/jquery_ujs.self-ca5248a2fad13d6bd58ea121318d642f195f0b2dd818b30615f785ff365e8d1f.js?body=1" for ::1 at 2015-07-31 10:11:10 -0400


Started GET "/assets/links.self-e3b0c44298fc1c149afbf4c8996fb92427ae41e4649b934ca495991b7852b855.css?body=1" for ::1 at 2015-07-31 10:11:10 -0400


Started GET "/assets/scaffolds.self-58bab2844ba38f3a945c5ed5294c7ce4f6092d35185af50f66b9f40d89c75ac0.css?body=1" for ::1 at 2015-07-31 10:11:10 -0400


Started GET "/assets/jquery.self-d03a5518f45df77341bdbe6201ba3bfa547ebba8ed64f0ea56bfa5f96ea7c074.js?body=1" for ::1 at 2015-07-31 10:11:10 -0400


Started GET "/assets/application.self-e80e8f2318043e8af94dddc2adad5a4f09739a8ebb323b3ab31cd71d45fd9113.css?body=1" for ::1 at 2015-07-31 10:11:10 -0400


Started GET "/assets/turbolinks.self-c37727e9bd6b2735da5c311aa83fead54ed0be6cc8bd9a65309e9c5abe2cbfff.js?body=1" for ::1 at 2015-07-31 10:11:10 -0400


Started GET "/assets/links.self-877aef30ae1b040ab8a3aba4e3e309a11d7f2612f44dde450b5c157aa5f95c05.js?body=1" for ::1 at 2015-07-31 10:11:10 -0400


Started GET "/assets/application.self-3b8dabdc891efe46b9a144b400ad69e37d7e5876bdc39dee783419a69d7ca819.js?body=1" for ::1 at 2015-07-31 10:11:10 -0400


Started GET "/" for ::1 at 2015-07-31 10:11:41 -0400
Processing by LinksController#index as HTML
  [1m[36mLink Load (0.3ms)[0m  [1mSELECT "links".* FROM "links"[0m
  Rendered links/index.html.erb within layouts/application (1.0ms)
Completed 200 OK in 53ms (Views: 52.0ms | ActiveRecord: 0.3ms)


Started GET "/assets/jquery.self-d03a5518f45df77341bdbe6201ba3bfa547ebba8ed64f0ea56bfa5f96ea7c074.js?body=1" for ::1 at 2015-07-31 10:11:41 -0400


Started GET "/assets/jquery_ujs.self-ca5248a2fad13d6bd58ea121318d642f195f0b2dd818b30615f785ff365e8d1f.js?body=1" for ::1 at 2015-07-31 10:11:41 -0400


Started GET "/assets/styles.self-4ddaa866f4a4fe302d5d114164c13a5cff1114ccab3ca281de8a6b07d3675bc5.css?body=1" for ::1 at 2015-07-31 10:11:41 -0400


Started GET "/assets/application.self-e80e8f2318043e8af94dddc2adad5a4f09739a8ebb323b3ab31cd71d45fd9113.css?body=1" for ::1 at 2015-07-31 10:11:41 -0400


Started GET "/assets/links.self-e3b0c44298fc1c149afbf4c8996fb92427ae41e4649b934ca495991b7852b855.css?body=1" for ::1 at 2015-07-31 10:11:41 -0400


Started GET "/assets/scaffolds.self-58bab2844ba38f3a945c5ed5294c7ce4f6092d35185af50f66b9f40d89c75ac0.css?body=1" for ::1 at 2015-07-31 10:11:41 -0400


Started GET "/assets/turbolinks.self-c37727e9bd6b2735da5c311aa83fead54ed0be6cc8bd9a65309e9c5abe2cbfff.js?body=1" for ::1 at 2015-07-31 10:11:41 -0400


Started GET "/assets/links.self-877aef30ae1b040ab8a3aba4e3e309a11d7f2612f44dde450b5c157aa5f95c05.js?body=1" for ::1 at 2015-07-31 10:11:41 -0400


Started GET "/assets/application.self-3b8dabdc891efe46b9a144b400ad69e37d7e5876bdc39dee783419a69d7ca819.js?body=1" for ::1 at 2015-07-31 10:11:41 -0400


Started GET "/" for ::1 at 2015-08-02 19:29:47 -0400
  [1m[36mActiveRecord::SchemaMigration Load (0.4ms)[0m  [1mSELECT "schema_migrations".* FROM "schema_migrations"[0m
Processing by LinksController#index as HTML
  [1m[35mLink Load (0.4ms)[0m  SELECT "links".* FROM "links"
  Rendered links/index.html.erb within layouts/application (3.8ms)
Completed 200 OK in 422ms (Views: 411.8ms | ActiveRecord: 0.6ms)


Started GET "/assets/scaffolds.self-4cda88a3276beb22f6ca7f55c05ec0523ab29de9dae99a5a3fc8b710fb4589b2.css?body=1" for ::1 at 2015-08-02 19:29:48 -0400


Started GET "/assets/styles.self-5d5cb358fbe214e79cf755615e7442f249b14d6ff09c530cedbfc4aba94462fc.css?body=1" for ::1 at 2015-08-02 19:29:48 -0400


Started GET "/links/new" for ::1 at 2015-08-02 19:30:25 -0400
Processing by LinksController#new as HTML
  Rendered links/_form.html.erb (26.6ms)
  Rendered links/new.html.erb within layouts/application (33.0ms)
Completed 200 OK in 88ms (Views: 80.8ms | ActiveRecord: 0.4ms)


Started POST "/links" for ::1 at 2015-08-02 19:32:58 -0400
Processing by LinksController#create as HTML
  Parameters: {"utf8"=>"✓", "authenticity_token"=>"8ixrQQuC8FpCIoI0Lk+c8odOhEdXZAi1kRzjBH1TWetJ0G+k0uRunOPRtDqgss6hQy8XuP5VrL0wqV3dq+WrJQ==", "link"=>{"summary"=>"Dads of \"One Direction\"", "url"=>"http://www.indystar.com/picture-gallery/life/2015/07/31/dads-of-one-direction/30959313/", "votes"=>"5"}, "commit"=>"Create Link"}
  [1m[36m (0.1ms)[0m  [1mbegin transaction[0m
  [1m[35mSQL (0.6ms)[0m  INSERT INTO "links" ("summary", "url", "votes", "created_at", "updated_at") VALUES (?, ?, ?, ?, ?)  [["summary", "Dads of \"One Direction\""], ["url", "http://www.indystar.com/picture-gallery/life/2015/07/31/dads-of-one-direction/30959313/"], ["votes", 5], ["created_at", "2015-08-02 23:32:58.563343"], ["updated_at", "2015-08-02 23:32:58.563343"]]
  [1m[36m (1.0ms)[0m  [1mcommit transaction[0m
Redirected to http://localhost:3000/links/1
Completed 302 Found in 9ms (ActiveRecord: 1.7ms)


Started GET "/links/1" for ::1 at 2015-08-02 19:32:58 -0400
Processing by LinksController#show as HTML
  Parameters: {"id"=>"1"}
  [1m[35mLink Load (0.2ms)[0m  SELECT  "links".* FROM "links" WHERE "links"."id" = ? LIMIT 1  [["id", 1]]
  Rendered links/show.html.erb within layouts/application (0.9ms)
Completed 200 OK in 45ms (Views: 37.1ms | ActiveRecord: 0.2ms)


Started GET "/links" for ::1 at 2015-08-02 19:33:03 -0400
Processing by LinksController#index as HTML
  [1m[36mLink Load (0.2ms)[0m  [1mSELECT "links".* FROM "links"[0m
  Rendered links/index.html.erb within layouts/application (1.9ms)
Completed 200 OK in 33ms (Views: 32.1ms | ActiveRecord: 0.2ms)


Started GET "/" for ::1 at 2015-08-02 19:38:45 -0400
Processing by LinksController#index as HTML
  [1m[35mLink Load (0.1ms)[0m  SELECT "links".* FROM "links"
  Rendered links/index.html.erb within layouts/application (1.2ms)
Completed 200 OK in 32ms (Views: 31.1ms | ActiveRecord: 0.1ms)


Started GET "/" for ::1 at 2015-08-03 13:25:53 -0400
  [1m[36mActiveRecord::SchemaMigration Load (0.4ms)[0m  [1mSELECT "schema_migrations".* FROM "schema_migrations"[0m
Processing by LinksController#index as HTML
  [1m[35mLink Load (0.4ms)[0m  SELECT "links".* FROM "links"
  Rendered links/index.html.erb within layouts/application (8.2ms)
Completed 200 OK in 190ms (Views: 178.8ms | ActiveRecord: 0.8ms)


Started GET "/" for ::1 at 2015-08-03 13:25:54 -0400
Processing by LinksController#index as HTML
  [1m[36mLink Load (0.2ms)[0m  [1mSELECT "links".* FROM "links"[0m
  Rendered links/index.html.erb within layouts/application (1.0ms)
Completed 200 OK in 26ms (Views: 25.8ms | ActiveRecord: 0.2ms)


Started GET "/links/new" for ::1 at 2015-08-03 13:27:33 -0400
Processing by LinksController#new as HTML
  Rendered links/_form.html.erb (19.4ms)
  Rendered links/new.html.erb within layouts/application (24.7ms)
Completed 200 OK in 80ms (Views: 79.4ms | ActiveRecord: 0.0ms)


Started POST "/links" for ::1 at 2015-08-03 13:27:48 -0400
Processing by LinksController#create as HTML
  Parameters: {"utf8"=>"✓", "authenticity_token"=>"dIPgLLpe+jk7wFVML82+5JOKhQXsRw2rw8Kqzm66DH0+fQemq5yYCtM86nXdmlH9Gke1utR4QImC89oZ007VEw==", "link"=>{"summary"=>"Google", "url"=>"http://www.google.com", "votes"=>"1"}, "commit"=>"Create Link"}
  [1m[35m (0.1ms)[0m  begin transaction
  [1m[36mSQL (0.6ms)[0m  [1mINSERT INTO "links" ("summary", "url", "votes", "created_at", "updated_at") VALUES (?, ?, ?, ?, ?)[0m  [["summary", "Google"], ["url", "http://www.google.com"], ["votes", 1], ["created_at", "2015-08-03 17:27:48.983194"], ["updated_at", "2015-08-03 17:27:48.983194"]]
  [1m[35m (0.8ms)[0m  commit transaction
Redirected to http://localhost:3000/links/2
Completed 302 Found in 7ms (ActiveRecord: 1.5ms)


Started GET "/links/2" for ::1 at 2015-08-03 13:27:48 -0400
Processing by LinksController#show as HTML
  Parameters: {"id"=>"2"}
  [1m[36mLink Load (0.2ms)[0m  [1mSELECT  "links".* FROM "links" WHERE "links"."id" = ? LIMIT 1[0m  [["id", 2]]
  Rendered links/show.html.erb within layouts/application (0.7ms)
Completed 200 OK in 41ms (Views: 32.8ms | ActiveRecord: 0.2ms)


Started GET "/links/2/edit" for ::1 at 2015-08-03 13:27:52 -0400
Processing by LinksController#edit as HTML
  Parameters: {"id"=>"2"}
  [1m[35mLink Load (0.9ms)[0m  SELECT  "links".* FROM "links" WHERE "links"."id" = ? LIMIT 1  [["id", 2]]
  Rendered links/_form.html.erb (3.4ms)
  Rendered links/edit.html.erb within layouts/application (6.4ms)
Completed 200 OK in 57ms (Views: 55.6ms | ActiveRecord: 0.9ms)


Started GET "/links" for ::1 at 2015-08-03 13:27:54 -0400
Processing by LinksController#index as HTML
  [1m[36mLink Load (0.1ms)[0m  [1mSELECT "links".* FROM "links"[0m
  Rendered links/index.html.erb within layouts/application (2.1ms)
Completed 200 OK in 46ms (Views: 45.6ms | ActiveRecord: 0.1ms)


Started GET "/links/new" for ::1 at 2015-08-03 13:28:10 -0400
Processing by LinksController#new as HTML
  Rendered links/_form.html.erb (2.4ms)
  Rendered links/new.html.erb within layouts/application (3.8ms)
Completed 200 OK in 42ms (Views: 41.4ms | ActiveRecord: 0.0ms)


Started POST "/links" for ::1 at 2015-08-03 13:28:22 -0400
Processing by LinksController#create as HTML
  Parameters: {"utf8"=>"✓", "authenticity_token"=>"Sw6vAFIQrWD9bk9x9Azb9tsHX/9MN3b12ItfliGlRMYB8EiKQ9LPUxWS8EgGWzTvUspvQHQIO9eZui9BnFGdqA==", "link"=>{"summary"=>"Bing", "url"=>"http://www.bing.com", "votes"=>"10"}, "commit"=>"Create Link"}
  [1m[35m (0.1ms)[0m  begin transaction
  [1m[36mSQL (0.2ms)[0m  [1mINSERT INTO "links" ("summary", "url", "votes", "created_at", "updated_at") VALUES (?, ?, ?, ?, ?)[0m  [["summary", "Bing"], ["url", "http://www.bing.com"], ["votes", 10], ["created_at", "2015-08-03 17:28:22.947072"], ["updated_at", "2015-08-03 17:28:22.947072"]]
  [1m[35m (1.5ms)[0m  commit transaction
Redirected to http://localhost:3000/links/3
Completed 302 Found in 5ms (ActiveRecord: 1.8ms)


Started GET "/links/3" for ::1 at 2015-08-03 13:28:22 -0400
Processing by LinksController#show as HTML
  Parameters: {"id"=>"3"}
  [1m[36mLink Load (0.1ms)[0m  [1mSELECT  "links".* FROM "links" WHERE "links"."id" = ? LIMIT 1[0m  [["id", 3]]
  Rendered links/show.html.erb within layouts/application (0.6ms)
Completed 200 OK in 38ms (Views: 37.4ms | ActiveRecord: 0.1ms)


Started GET "/links" for ::1 at 2015-08-03 13:28:25 -0400
Processing by LinksController#index as HTML
  [1m[35mLink Load (0.1ms)[0m  SELECT "links".* FROM "links"
  Rendered links/index.html.erb within layouts/application (1.4ms)
Completed 200 OK in 27ms (Views: 26.0ms | ActiveRecord: 0.1ms)


Started GET "/links" for ::1 at 2015-08-03 13:31:11 -0400
Processing by LinksController#index as HTML
  [1m[36mLink Load (0.1ms)[0m  [1mSELECT "links".* FROM "links"[0m
  Rendered links/index.html.erb within layouts/application (1.8ms)
Completed 200 OK in 34ms (Views: 33.5ms | ActiveRecord: 0.1ms)


Started GET "/assets/links.self-e3b0c44298fc1c149afbf4c8996fb92427ae41e4649b934ca495991b7852b855.css?body=1" for ::1 at 2015-08-03 13:31:11 -0400


Started GET "/assets/scaffolds.self-4cda88a3276beb22f6ca7f55c05ec0523ab29de9dae99a5a3fc8b710fb4589b2.css?body=1" for ::1 at 2015-08-03 13:31:11 -0400


Started GET "/assets/styles.self-5d5cb358fbe214e79cf755615e7442f249b14d6ff09c530cedbfc4aba94462fc.css?body=1" for ::1 at 2015-08-03 13:31:11 -0400


Started GET "/assets/application.self-e80e8f2318043e8af94dddc2adad5a4f09739a8ebb323b3ab31cd71d45fd9113.css?body=1" for ::1 at 2015-08-03 13:31:11 -0400


Started GET "/assets/jquery.self-d03a5518f45df77341bdbe6201ba3bfa547ebba8ed64f0ea56bfa5f96ea7c074.js?body=1" for ::1 at 2015-08-03 13:31:11 -0400


Started GET "/assets/jquery_ujs.self-ca5248a2fad13d6bd58ea121318d642f195f0b2dd818b30615f785ff365e8d1f.js?body=1" for ::1 at 2015-08-03 13:31:11 -0400


Started GET "/assets/turbolinks.self-c37727e9bd6b2735da5c311aa83fead54ed0be6cc8bd9a65309e9c5abe2cbfff.js?body=1" for ::1 at 2015-08-03 13:31:11 -0400


Started GET "/assets/links.self-877aef30ae1b040ab8a3aba4e3e309a11d7f2612f44dde450b5c157aa5f95c05.js?body=1" for ::1 at 2015-08-03 13:31:11 -0400


Started GET "/assets/application.self-3b8dabdc891efe46b9a144b400ad69e37d7e5876bdc39dee783419a69d7ca819.js?body=1" for ::1 at 2015-08-03 13:31:11 -0400


Started GET "/links" for ::1 at 2015-08-03 13:35:38 -0400
Processing by LinksController#index as HTML
  [1m[35mLink Load (0.3ms)[0m  SELECT "links".* FROM "links"  ORDER BY "links"."votes" DESC
  Rendered links/index.html.erb within layouts/application (5.0ms)
Completed 200 OK in 44ms (Views: 41.2ms | ActiveRecord: 0.5ms)


Started GET "/assets/links.self-e3b0c44298fc1c149afbf4c8996fb92427ae41e4649b934ca495991b7852b855.css?body=1" for ::1 at 2015-08-03 13:35:38 -0400


Started GET "/assets/scaffolds.self-4cda88a3276beb22f6ca7f55c05ec0523ab29de9dae99a5a3fc8b710fb4589b2.css?body=1" for ::1 at 2015-08-03 13:35:38 -0400


Started GET "/assets/jquery_ujs.self-ca5248a2fad13d6bd58ea121318d642f195f0b2dd818b30615f785ff365e8d1f.js?body=1" for ::1 at 2015-08-03 13:35:38 -0400


Started GET "/assets/application.self-e80e8f2318043e8af94dddc2adad5a4f09739a8ebb323b3ab31cd71d45fd9113.css?body=1" for ::1 at 2015-08-03 13:35:38 -0400


Started GET "/assets/jquery.self-d03a5518f45df77341bdbe6201ba3bfa547ebba8ed64f0ea56bfa5f96ea7c074.js?body=1" for ::1 at 2015-08-03 13:35:38 -0400


Started GET "/assets/styles.self-5d5cb358fbe214e79cf755615e7442f249b14d6ff09c530cedbfc4aba94462fc.css?body=1" for ::1 at 2015-08-03 13:35:38 -0400


Started GET "/assets/turbolinks.self-c37727e9bd6b2735da5c311aa83fead54ed0be6cc8bd9a65309e9c5abe2cbfff.js?body=1" for ::1 at 2015-08-03 13:35:38 -0400


Started GET "/assets/links.self-877aef30ae1b040ab8a3aba4e3e309a11d7f2612f44dde450b5c157aa5f95c05.js?body=1" for ::1 at 2015-08-03 13:35:38 -0400


Started GET "/assets/application.self-3b8dabdc891efe46b9a144b400ad69e37d7e5876bdc39dee783419a69d7ca819.js?body=1" for ::1 at 2015-08-03 13:35:38 -0400


Started GET "/links" for ::1 at 2015-08-03 13:36:05 -0400
Processing by LinksController#index as HTML
  [1m[36mLink Load (0.5ms)[0m  [1mSELECT "links".* FROM "links"  ORDER BY "links"."votes" DESC[0m
  Rendered links/index.html.erb within layouts/application (7.8ms)
Completed 200 OK in 52ms (Views: 48.4ms | ActiveRecord: 1.0ms)


Started GET "/assets/links.self-e3b0c44298fc1c149afbf4c8996fb92427ae41e4649b934ca495991b7852b855.css?body=1" for ::1 at 2015-08-03 13:36:06 -0400


Started GET "/assets/scaffolds.self-4cda88a3276beb22f6ca7f55c05ec0523ab29de9dae99a5a3fc8b710fb4589b2.css?body=1" for ::1 at 2015-08-03 13:36:06 -0400


Started GET "/assets/styles.self-5d5cb358fbe214e79cf755615e7442f249b14d6ff09c530cedbfc4aba94462fc.css?body=1" for ::1 at 2015-08-03 13:36:06 -0400


Started GET "/assets/application.self-e80e8f2318043e8af94dddc2adad5a4f09739a8ebb323b3ab31cd71d45fd9113.css?body=1" for ::1 at 2015-08-03 13:36:06 -0400


Started GET "/assets/jquery_ujs.self-ca5248a2fad13d6bd58ea121318d642f195f0b2dd818b30615f785ff365e8d1f.js?body=1" for ::1 at 2015-08-03 13:36:06 -0400


Started GET "/assets/jquery.self-d03a5518f45df77341bdbe6201ba3bfa547ebba8ed64f0ea56bfa5f96ea7c074.js?body=1" for ::1 at 2015-08-03 13:36:06 -0400


Started GET "/assets/turbolinks.self-c37727e9bd6b2735da5c311aa83fead54ed0be6cc8bd9a65309e9c5abe2cbfff.js?body=1" for ::1 at 2015-08-03 13:36:06 -0400


Started GET "/assets/links.self-877aef30ae1b040ab8a3aba4e3e309a11d7f2612f44dde450b5c157aa5f95c05.js?body=1" for ::1 at 2015-08-03 13:36:06 -0400


Started GET "/assets/application.self-3b8dabdc891efe46b9a144b400ad69e37d7e5876bdc39dee783419a69d7ca819.js?body=1" for ::1 at 2015-08-03 13:36:06 -0400


Started GET "/" for ::1 at 2015-08-03 14:03:51 -0400
Processing by LinksController#index as HTML
  [1m[35mLink Load (0.3ms)[0m  SELECT "links".* FROM "links"  ORDER BY "links"."votes" DESC
  Rendered links/index.html.erb within layouts/application (2.5ms)
Completed 200 OK in 40ms (Views: 39.1ms | ActiveRecord: 0.3ms)


Started GET "/" for ::1 at 2015-08-03 14:06:06 -0400
Processing by LinksController#index as HTML
  [1m[36mLink Load (0.3ms)[0m  [1mSELECT "links".* FROM "links"  ORDER BY "links"."votes" DESC[0m
  Rendered links/index.html.erb within layouts/application (6.1ms)
Completed 200 OK in 37ms (Views: 33.7ms | ActiveRecord: 0.6ms)


Started GET "/assets/links.self-e3b0c44298fc1c149afbf4c8996fb92427ae41e4649b934ca495991b7852b855.css?body=1" for ::1 at 2015-08-03 14:06:06 -0400


Started GET "/assets/application.self-e80e8f2318043e8af94dddc2adad5a4f09739a8ebb323b3ab31cd71d45fd9113.css?body=1" for ::1 at 2015-08-03 14:06:06 -0400


Started GET "/assets/jquery_ujs.self-ca5248a2fad13d6bd58ea121318d642f195f0b2dd818b30615f785ff365e8d1f.js?body=1" for ::1 at 2015-08-03 14:06:06 -0400


Started GET "/assets/jquery.self-d03a5518f45df77341bdbe6201ba3bfa547ebba8ed64f0ea56bfa5f96ea7c074.js?body=1" for ::1 at 2015-08-03 14:06:06 -0400


Started GET "/assets/scaffolds.self-4cda88a3276beb22f6ca7f55c05ec0523ab29de9dae99a5a3fc8b710fb4589b2.css?body=1" for ::1 at 2015-08-03 14:06:06 -0400


Started GET "/assets/styles.self-5d5cb358fbe214e79cf755615e7442f249b14d6ff09c530cedbfc4aba94462fc.css?body=1" for ::1 at 2015-08-03 14:06:06 -0400


Started GET "/assets/turbolinks.self-c37727e9bd6b2735da5c311aa83fead54ed0be6cc8bd9a65309e9c5abe2cbfff.js?body=1" for ::1 at 2015-08-03 14:06:06 -0400


Started GET "/assets/links.self-877aef30ae1b040ab8a3aba4e3e309a11d7f2612f44dde450b5c157aa5f95c05.js?body=1" for ::1 at 2015-08-03 14:06:06 -0400


Started GET "/assets/application.self-3b8dabdc891efe46b9a144b400ad69e37d7e5876bdc39dee783419a69d7ca819.js?body=1" for ::1 at 2015-08-03 14:06:06 -0400


Started GET "/links/1" for ::1 at 2015-08-03 14:06:11 -0400
Processing by LinksController#show as HTML
  Parameters: {"id"=>"1"}
  [1m[35mLink Load (0.2ms)[0m  SELECT  "links".* FROM "links" WHERE "links"."id" = ? LIMIT 1  [["id", 1]]
  Rendered links/show.html.erb within layouts/application (0.7ms)
Completed 200 OK in 28ms (Views: 26.7ms | ActiveRecord: 0.2ms)


Started GET "/" for ::1 at 2015-08-03 14:06:33 -0400
Processing by LinksController#index as HTML
  [1m[36mLink Load (0.2ms)[0m  [1mSELECT "links".* FROM "links"  ORDER BY "links"."votes" DESC[0m
  Rendered links/index.html.erb within layouts/application (18.9ms)
Completed 500 Internal Server Error in 23ms (ActiveRecord: 0.2ms)

ActionView::Template::Error (undefined local variable or method `vote' for #<#<Class:0x007f9aa2141420>:0x007f9aa24f57b0>):
    16:     <% @links.each do |link| %>
    17:       <tr>
    18:         <td><%= link.summary %></td>
    19: 				<td><%= link_to 'Vote', vote %><%= link.url %></td>
    20:         <td><%= link.votes %></td>
    21:         <td><%= link_to 'Show', link %></td>
    22:         <td><%= link_to 'Edit', edit_link_path(link) %></td>
  app/views/links/index.html.erb:19:in `block in _app_views_links_index_html_erb___834505673569792946_70151062397640'
  app/views/links/index.html.erb:16:in `_app_views_links_index_html_erb___834505673569792946_70151062397640'


  Rendered /Users/joebykowski/.rbenv/versions/2.2.2/lib/ruby/gems/2.2.0/gems/actionpack-4.2.3/lib/action_dispatch/middleware/templates/rescues/_source.erb (5.6ms)
  Rendered /Users/joebykowski/.rbenv/versions/2.2.2/lib/ruby/gems/2.2.0/gems/actionpack-4.2.3/lib/action_dispatch/middleware/templates/rescues/_trace.html.erb (2.4ms)
  Rendered /Users/joebykowski/.rbenv/versions/2.2.2/lib/ruby/gems/2.2.0/gems/actionpack-4.2.3/lib/action_dispatch/middleware/templates/rescues/_request_and_response.html.erb (0.8ms)
  Rendered /Users/joebykowski/.rbenv/versions/2.2.2/lib/ruby/gems/2.2.0/gems/actionpack-4.2.3/lib/action_dispatch/middleware/templates/rescues/template_error.html.erb within rescues/layout (67.4ms)
  Rendered /Users/joebykowski/.rbenv/versions/2.2.2/lib/ruby/gems/2.2.0/gems/web-console-2.2.1/lib/web_console/templates/_markup.html.erb (0.5ms)
  Rendered /Users/joebykowski/.rbenv/versions/2.2.2/lib/ruby/gems/2.2.0/gems/web-console-2.2.1/lib/web_console/templates/_inner_console_markup.html.erb within layouts/inlined_string (0.4ms)
  Rendered /Users/joebykowski/.rbenv/versions/2.2.2/lib/ruby/gems/2.2.0/gems/web-console-2.2.1/lib/web_console/templates/_prompt_box_markup.html.erb within layouts/inlined_string (0.3ms)
  Rendered /Users/joebykowski/.rbenv/versions/2.2.2/lib/ruby/gems/2.2.0/gems/web-console-2.2.1/lib/web_console/templates/style.css.erb within layouts/inlined_string (0.4ms)
  Rendered /Users/joebykowski/.rbenv/versions/2.2.2/lib/ruby/gems/2.2.0/gems/web-console-2.2.1/lib/web_console/templates/console.js.erb within layouts/javascript (74.0ms)
  Rendered /Users/joebykowski/.rbenv/versions/2.2.2/lib/ruby/gems/2.2.0/gems/web-console-2.2.1/lib/web_console/templates/main.js.erb within layouts/javascript (0.3ms)
  Rendered /Users/joebykowski/.rbenv/versions/2.2.2/lib/ruby/gems/2.2.0/gems/web-console-2.2.1/lib/web_console/templates/error_page.js.erb within layouts/javascript (0.4ms)
  Rendered /Users/joebykowski/.rbenv/versions/2.2.2/lib/ruby/gems/2.2.0/gems/web-console-2.2.1/lib/web_console/templates/index.html.erb (145.8ms)


Started GET "/" for ::1 at 2015-08-03 14:12:46 -0400
Processing by LinksController#index as HTML
  [1m[35mLink Load (0.2ms)[0m  SELECT "links".* FROM "links"  ORDER BY "links"."votes" DESC
  Rendered links/index.html.erb within layouts/application (2.3ms)
Completed 200 OK in 33ms (Views: 31.2ms | ActiveRecord: 0.2ms)


Started GET "/assets/links.self-e3b0c44298fc1c149afbf4c8996fb92427ae41e4649b934ca495991b7852b855.css?body=1" for ::1 at 2015-08-03 14:12:46 -0400


Started GET "/assets/scaffolds.self-4cda88a3276beb22f6ca7f55c05ec0523ab29de9dae99a5a3fc8b710fb4589b2.css?body=1" for ::1 at 2015-08-03 14:12:46 -0400


Started GET "/assets/application.self-e80e8f2318043e8af94dddc2adad5a4f09739a8ebb323b3ab31cd71d45fd9113.css?body=1" for ::1 at 2015-08-03 14:12:46 -0400


Started GET "/assets/styles.self-5d5cb358fbe214e79cf755615e7442f249b14d6ff09c530cedbfc4aba94462fc.css?body=1" for ::1 at 2015-08-03 14:12:46 -0400


Started GET "/assets/jquery_ujs.self-ca5248a2fad13d6bd58ea121318d642f195f0b2dd818b30615f785ff365e8d1f.js?body=1" for ::1 at 2015-08-03 14:12:46 -0400


Started GET "/assets/jquery.self-d03a5518f45df77341bdbe6201ba3bfa547ebba8ed64f0ea56bfa5f96ea7c074.js?body=1" for ::1 at 2015-08-03 14:12:46 -0400


Started GET "/assets/turbolinks.self-c37727e9bd6b2735da5c311aa83fead54ed0be6cc8bd9a65309e9c5abe2cbfff.js?body=1" for ::1 at 2015-08-03 14:12:46 -0400


Started GET "/assets/links.self-877aef30ae1b040ab8a3aba4e3e309a11d7f2612f44dde450b5c157aa5f95c05.js?body=1" for ::1 at 2015-08-03 14:12:46 -0400


Started GET "/assets/application.self-3b8dabdc891efe46b9a144b400ad69e37d7e5876bdc39dee783419a69d7ca819.js?body=1" for ::1 at 2015-08-03 14:12:46 -0400


Started GET "/" for ::1 at 2015-08-03 14:14:25 -0400
Processing by LinksController#index as HTML
  [1m[36mLink Load (0.2ms)[0m  [1mSELECT "links".* FROM "links"  ORDER BY "links"."votes" DESC[0m
  Rendered links/index.html.erb within layouts/application (2.1ms)
Completed 200 OK in 37ms (Views: 36.3ms | ActiveRecord: 0.2ms)


Started GET "/assets/scaffolds.self-4cda88a3276beb22f6ca7f55c05ec0523ab29de9dae99a5a3fc8b710fb4589b2.css?body=1" for ::1 at 2015-08-03 14:14:25 -0400


Started GET "/assets/styles.self-5d5cb358fbe214e79cf755615e7442f249b14d6ff09c530cedbfc4aba94462fc.css?body=1" for ::1 at 2015-08-03 14:14:25 -0400


Started GET "/assets/links.self-e3b0c44298fc1c149afbf4c8996fb92427ae41e4649b934ca495991b7852b855.css?body=1" for ::1 at 2015-08-03 14:14:25 -0400


Started GET "/assets/jquery.self-d03a5518f45df77341bdbe6201ba3bfa547ebba8ed64f0ea56bfa5f96ea7c074.js?body=1" for ::1 at 2015-08-03 14:14:25 -0400


Started GET "/assets/jquery_ujs.self-ca5248a2fad13d6bd58ea121318d642f195f0b2dd818b30615f785ff365e8d1f.js?body=1" for ::1 at 2015-08-03 14:14:25 -0400


Started GET "/assets/application.self-e80e8f2318043e8af94dddc2adad5a4f09739a8ebb323b3ab31cd71d45fd9113.css?body=1" for ::1 at 2015-08-03 14:14:25 -0400


Started GET "/assets/turbolinks.self-c37727e9bd6b2735da5c311aa83fead54ed0be6cc8bd9a65309e9c5abe2cbfff.js?body=1" for ::1 at 2015-08-03 14:14:25 -0400


Started GET "/assets/links.self-877aef30ae1b040ab8a3aba4e3e309a11d7f2612f44dde450b5c157aa5f95c05.js?body=1" for ::1 at 2015-08-03 14:14:25 -0400


Started GET "/assets/application.self-3b8dabdc891efe46b9a144b400ad69e37d7e5876bdc39dee783419a69d7ca819.js?body=1" for ::1 at 2015-08-03 14:14:25 -0400
